app/build/intermediates/manifest_merge_blame_file/debug/manifest-merger-blame-debug-report.txt
1<?xml version="1.0" encoding="utf-8"?>
2<manifest xmlns:android="http://schemas.android.com/apk/res/android"
3    package="com.homework"
4    android:versionCode="1"
5    android:versionName="1.0" >
6
7    <uses-sdk
7-->src\main\AndroidManifest.xml:16:5-44
8        android:minSdkVersion="17"
8-->src\main\AndroidManifest.xml:16:15-41
9        android:targetSdkVersion="30" />
9-->src\main\AndroidManifest.xml:16:5-44
10
11    <application
11-->src\main\AndroidManifest.xml:6:5-15:19
12        android:debuggable="true"
13        android:icon="@drawable/icon"
13-->src\main\AndroidManifest.xml:6:18-47
14        android:label="@string/app_name"
14-->src\main\AndroidManifest.xml:6:48-80
15        android:testOnly="true" >
16        <activity
16-->src\main\AndroidManifest.xml:7:9-13:20
17            android:name="com.homework.ToDoList"
17-->src\main\AndroidManifest.xml:7:19-43
18            android:exported="true"
18-->src\main\AndroidManifest.xml:7:44-67
19            android:label="@string/app_name" >
19-->src\main\AndroidManifest.xml:8:19-51
20            <intent-filter>
20-->src\main\AndroidManifest.xml:9:13-12:29
21                <action android:name="android.intent.action.MAIN" />
21-->src\main\AndroidManifest.xml:10:17-69
21-->src\main\AndroidManifest.xml:10:25-66
22
23                <category android:name="android.intent.category.LAUNCHER" />
23-->src\main\AndroidManifest.xml:11:17-77
23-->src\main\AndroidManifest.xml:11:27-74
24            </intent-filter>
25        </activity>
26    </application>
27
28</manifest>